CRITICAL - 2023-02-24 02:04:55 --> Class 'App\Controllers\Home_model' not found
#0 C:\xampp\htdocs\harvesting-dashboard\vendor\codeigniter4\framework\system\CodeIgniter.php(832): App\Controllers\Home->index()
#1 C:\xampp\htdocs\harvesting-dashboard\vendor\codeigniter4\framework\system\CodeIgniter.php(419): CodeIgniter\CodeIgniter->runController(Object(App\Controllers\Home))
#2 C:\xampp\htdocs\harvesting-dashboard\vendor\codeigniter4\framework\system\CodeIgniter.php(326): CodeIgniter\CodeIgniter->handleRequest(NULL, Object(Config\Cache), false)
#3 C:\xampp\htdocs\harvesting-dashboard\index.php(37): CodeIgniter\CodeIgniter->run()
#4 {main}
CRITICAL - 2023-02-24 02:05:30 --> Class 'App\Controllers\Home_model' not found
#0 C:\xampp\htdocs\harvesting-dashboard\vendor\codeigniter4\framework\system\CodeIgniter.php(832): App\Controllers\Home->index()
#1 C:\xampp\htdocs\harvesting-dashboard\vendor\codeigniter4\framework\system\CodeIgniter.php(419): CodeIgniter\CodeIgniter->runController(Object(App\Controllers\Home))
#2 C:\xampp\htdocs\harvesting-dashboard\vendor\codeigniter4\framework\system\CodeIgniter.php(326): CodeIgniter\CodeIgniter->handleRequest(NULL, Object(Config\Cache), false)
#3 C:\xampp\htdocs\harvesting-dashboard\index.php(37): CodeIgniter\CodeIgniter->run()
#4 {main}
CRITICAL - 2023-02-24 02:06:03 --> Class 'App\Controllers\Home_model' not found
#0 C:\xampp\htdocs\harvesting-dashboard\vendor\codeigniter4\framework\system\CodeIgniter.php(832): App\Controllers\Home->index()
#1 C:\xampp\htdocs\harvesting-dashboard\vendor\codeigniter4\framework\system\CodeIgniter.php(419): CodeIgniter\CodeIgniter->runController(Object(App\Controllers\Home))
#2 C:\xampp\htdocs\harvesting-dashboard\vendor\codeigniter4\framework\system\CodeIgniter.php(326): CodeIgniter\CodeIgniter->handleRequest(NULL, Object(Config\Cache), false)
#3 C:\xampp\htdocs\harvesting-dashboard\index.php(37): CodeIgniter\CodeIgniter->run()
#4 {main}
ERROR - 2023-02-24 02:07:03 --> Error connecting to the database: A connection attempt failed because the connected party did not properly respond after a period of time, or established connection failed because connected host has failed to respond.

CRITICAL - 2023-02-24 02:07:03 --> Unable to connect to the database.
Main connection [MySQLi]: A connection attempt failed because the connected party did not properly respond after a period of time, or established connection failed because connected host has failed to respond.

#0 C:\xampp\htdocs\harvesting-dashboard\vendor\codeigniter4\framework\system\Database\BaseConnection.php(577): CodeIgniter\Database\BaseConnection->initialize()
#1 C:\xampp\htdocs\harvesting-dashboard\vendor\codeigniter4\framework\system\Database\BaseBuilder.php(1588): CodeIgniter\Database\BaseConnection->query('SELECT *\nFROM `...', Array, false)
#2 C:\xampp\htdocs\harvesting-dashboard\app\Models\Home_model.php(9): CodeIgniter\Database\BaseBuilder->getWhere('weight_out_time...')
#3 C:\xampp\htdocs\harvesting-dashboard\app\Controllers\Home.php(99): App\Models\Home_model->getSelect('tbl_weight_scal...', 'weight_out_time...')
#4 C:\xampp\htdocs\harvesting-dashboard\vendor\codeigniter4\framework\system\CodeIgniter.php(832): App\Controllers\Home->index()
#5 C:\xampp\htdocs\harvesting-dashboard\vendor\codeigniter4\framework\system\CodeIgniter.php(419): CodeIgniter\CodeIgniter->runController(Object(App\Controllers\Home))
#6 C:\xampp\htdocs\harvesting-dashboard\vendor\codeigniter4\framework\system\CodeIgniter.php(326): CodeIgniter\CodeIgniter->handleRequest(NULL, Object(Config\Cache), false)
#7 C:\xampp\htdocs\harvesting-dashboard\index.php(37): CodeIgniter\CodeIgniter->run()
#8 {main}
CRITICAL - 2023-02-24 02:09:45 --> Invalid file: dashboard.php
#0 C:\xampp\htdocs\harvesting-dashboard\vendor\codeigniter4\framework\system\View\View.php(198): CodeIgniter\Exceptions\FrameworkException::forInvalidFile('dashboard.php')
#1 C:\xampp\htdocs\harvesting-dashboard\vendor\codeigniter4\framework\system\Common.php(1089): CodeIgniter\View\View->render('dashboard', Array, true)
#2 C:\xampp\htdocs\harvesting-dashboard\app\Controllers\Home.php(159): view('dashboard', Array)
#3 C:\xampp\htdocs\harvesting-dashboard\vendor\codeigniter4\framework\system\CodeIgniter.php(832): App\Controllers\Home->index()
#4 C:\xampp\htdocs\harvesting-dashboard\vendor\codeigniter4\framework\system\CodeIgniter.php(419): CodeIgniter\CodeIgniter->runController(Object(App\Controllers\Home))
#5 C:\xampp\htdocs\harvesting-dashboard\vendor\codeigniter4\framework\system\CodeIgniter.php(326): CodeIgniter\CodeIgniter->handleRequest(NULL, Object(Config\Cache), false)
#6 C:\xampp\htdocs\harvesting-dashboard\index.php(37): CodeIgniter\CodeIgniter->run()
#7 {main}
